<?xml version="1.0" encoding="UTF-8"?>
<!-- Generated by org.testng.reporters.JUnitReportReporter -->
<testsuite hostname="LAPTOP-HTB7FUT0" failures="0" tests="1" name="com.test.FileUpload2" time="0.005" errors="0" timestamp="2024-05-08T14:29:04 IST" skipped="0">
  <testcase classname="com.test.FileUpload2" name="fileUpload" time="0.005"/>
</testsuite> <!-- com.test.FileUpload2 -->
